2024-01-05 00:05:30,877 - INFO - Attempting to build Docker image for API located at /media/bassee/SHARED/visual_studio_workspace/python-projects/proyecto_base/deploy/self-management/api_governance...
2024-01-05 00:05:30,967 - ERROR - Failed to build Docker image for API in /media/bassee/SHARED/visual_studio_workspace/python-projects/proyecto_base/deploy/self-management/api_governance: Command '['docker', 'build', '-t', 'api_governance', '.']' returned non-zero exit status 1.
2024-01-05 00:05:30,967 - INFO - Attempting to build Docker image for API located at /media/bassee/SHARED/visual_studio_workspace/python-projects/proyecto_base/deploy/self-management/api_updates...
2024-01-05 00:05:31,066 - ERROR - Failed to build Docker image for API in /media/bassee/SHARED/visual_studio_workspace/python-projects/proyecto_base/deploy/self-management/api_updates: Command '['docker', 'build', '-t', 'api_updates', '.']' returned non-zero exit status 1.
2024-01-05 00:05:31,066 - INFO - Starting services with Docker Compose file located at /media/bassee/SHARED/visual_studio_workspace/python-projects/proyecto_base/deploy/docker-compose.yml...
2024-01-05 00:05:31,132 - ERROR - Failed to start services with Docker Compose: Command '['docker-compose', '-f', '/media/bassee/SHARED/visual_studio_workspace/python-projects/proyecto_base/deploy/docker-compose.yml', 'up', '-d']' returned non-zero exit status 14.
2024-01-05 22:53:24,760 - INFO - Stopping services and cleaning up with Docker Compose file located at /media/bassee/SHARED/visual_studio_workspace/python-projects/proyecto_base/deploy/docker-compose.yml...
2024-01-05 22:53:25,847 - ERROR - Failed to stop services and clean up with Docker Compose: Command '['docker-compose', '-f', '/media/bassee/SHARED/visual_studio_workspace/python-projects/proyecto_base/deploy/docker-compose.yml', 'down']' returned non-zero exit status 14.
2024-01-05 22:53:25,847 - INFO - Attempting to build Docker image for API located at /media/bassee/SHARED/visual_studio_workspace/python-projects/proyecto_base/deploy/self-management/api_governance...
2024-01-05 22:53:26,946 - ERROR - Failed to build Docker image for API in /media/bassee/SHARED/visual_studio_workspace/python-projects/proyecto_base/deploy/self-management/api_governance: Command '['docker', 'build', '-t', 'api_governance', '.']' returned non-zero exit status 1.
2024-01-05 22:53:26,946 - INFO - Attempting to build Docker image for API located at /media/bassee/SHARED/visual_studio_workspace/python-projects/proyecto_base/deploy/self-management/api_updates...
2024-01-05 22:53:27,147 - ERROR - Failed to build Docker image for API in /media/bassee/SHARED/visual_studio_workspace/python-projects/proyecto_base/deploy/self-management/api_updates: Command '['docker', 'build', '-t', 'api_updates', '.']' returned non-zero exit status 1.
2024-01-05 22:53:27,147 - INFO - Starting services with Docker Compose file located at /media/bassee/SHARED/visual_studio_workspace/python-projects/proyecto_base/deploy/docker-compose.yml...
2024-01-05 22:53:27,248 - ERROR - Failed to start services with Docker Compose: Command '['docker-compose', '-f', '/media/bassee/SHARED/visual_studio_workspace/python-projects/proyecto_base/deploy/docker-compose.yml', 'up', '-d']' returned non-zero exit status 14.
2024-01-05 23:21:00,562 - INFO - Stopping services and cleaning up with Docker Compose file located at /media/bassee/SHARED/visual_studio_workspace/python-projects/proyecto_base/deploy/docker-compose.yml...
2024-01-05 23:21:00,658 - ERROR - Failed to stop services and clean up with Docker Compose: Command '['docker-compose', '-f', '/media/bassee/SHARED/visual_studio_workspace/python-projects/proyecto_base/deploy/docker-compose.yml', 'down']' returned non-zero exit status 14.
2024-01-05 23:21:00,658 - INFO - Attempting to build Docker image for API located at /media/bassee/SHARED/visual_studio_workspace/python-projects/proyecto_base/deploy/self-management/api_governance...
2024-01-05 23:21:00,775 - ERROR - Failed to build Docker image for API in /media/bassee/SHARED/visual_studio_workspace/python-projects/proyecto_base/deploy/self-management/api_governance: Command '['docker', 'build', '-t', 'api_governance', '.']' returned non-zero exit status 1.
2024-01-05 23:21:00,775 - INFO - Attempting to build Docker image for API located at /media/bassee/SHARED/visual_studio_workspace/python-projects/proyecto_base/deploy/self-management/api_updates...
2024-01-05 23:21:00,871 - ERROR - Failed to build Docker image for API in /media/bassee/SHARED/visual_studio_workspace/python-projects/proyecto_base/deploy/self-management/api_updates: Command '['docker', 'build', '-t', 'api_updates', '.']' returned non-zero exit status 1.
2024-01-05 23:21:00,871 - INFO - Starting services with Docker Compose file located at /media/bassee/SHARED/visual_studio_workspace/python-projects/proyecto_base/deploy/docker-compose.yml...
2024-01-05 23:21:00,943 - ERROR - Failed to start services with Docker Compose: Command '['docker-compose', '-f', '/media/bassee/SHARED/visual_studio_workspace/python-projects/proyecto_base/deploy/docker-compose.yml', 'up', '-d']' returned non-zero exit status 14.
2024-01-06 22:50:45,507 - INFO - Starting services...
2024-01-06 22:50:45,507 - INFO - Stopping services and cleaning up with Docker Compose file located at /home/bassee/proyecto_base/deploy/docker-compose.yml...
2024-01-06 22:50:45,667 - INFO - Services stopped and cleaned up successfully.
2024-01-06 22:50:45,667 - INFO - Starting services with Docker Compose file located at /home/bassee/proyecto_base/deploy/docker-compose.yml...
2024-01-06 22:50:51,602 - ERROR - Failed to start services with Docker Compose: Command '['docker-compose', '-f', '/home/bassee/proyecto_base/deploy/docker-compose.yml', 'up', '-d']' returned non-zero exit status 1.
2024-01-06 22:50:51,603 - INFO - Checking for updates...
2024-01-06 22:50:56,603 - INFO - No updates found. Will check again later.
2024-01-06 22:51:31,389 - INFO - Starting services...
2024-01-06 22:51:31,389 - INFO - Stopping services and cleaning up with Docker Compose file located at /home/bassee/proyecto_base/deploy/docker-compose.yml...
2024-01-06 22:51:31,801 - INFO - Services stopped and cleaned up successfully.
2024-01-06 22:51:31,801 - INFO - Starting services with Docker Compose file located at /home/bassee/proyecto_base/deploy/docker-compose.yml...
2024-01-06 22:51:32,351 - ERROR - Failed to start services with Docker Compose: Command '['docker-compose', '-f', '/home/bassee/proyecto_base/deploy/docker-compose.yml', 'up', '-d']' returned non-zero exit status 1.
2024-01-06 22:51:32,351 - INFO - Checking for updates...
2024-01-06 22:51:37,352 - INFO - No updates found. Will check again later.
2024-01-06 22:54:01,161 - INFO - Starting services...
2024-01-06 22:54:01,162 - INFO - Stopping services and cleaning up with Docker Compose file located at /home/bassee/proyecto_base/deploy/docker-compose.yml...
2024-01-06 22:54:01,553 - INFO - Services stopped and cleaned up successfully.
2024-01-06 22:54:01,553 - INFO - Starting services with Docker Compose file located at /home/bassee/proyecto_base/deploy/docker-compose.yml...
2024-01-06 22:54:02,547 - INFO - Services started successfully.
2024-01-06 22:54:02,547 - INFO - Checking for updates...
2024-01-06 22:54:07,548 - INFO - No updates found. Will check again later.
2024-01-06 22:55:07,549 - INFO - Checking for updates...
2024-01-06 22:55:12,550 - INFO - No updates found. Will check again later.
2024-01-06 22:56:12,550 - INFO - Checking for updates...
2024-01-06 22:56:17,551 - INFO - No updates found. Will check again later.
2024-01-06 22:57:17,552 - INFO - Checking for updates...
2024-01-06 22:57:22,552 - INFO - No updates found. Will check again later.
2024-01-06 22:58:22,553 - INFO - Checking for updates...
2024-01-06 22:58:27,553 - INFO - No updates found. Will check again later.
2024-01-06 22:59:57,119 - INFO - Starting services...
2024-01-06 22:59:57,120 - INFO - Stopping services and cleaning up with Docker Compose file located at /home/bassee/proyecto_base/deploy/docker-compose.yml...
2024-01-06 22:59:57,587 - INFO - Services stopped and cleaned up successfully.
2024-01-06 22:59:57,588 - INFO - Starting services with Docker Compose file located at /home/bassee/proyecto_base/deploy/docker-compose.yml...
2024-01-06 22:59:58,223 - INFO - Services started successfully.
2024-01-06 22:59:58,223 - INFO - Checking for updates...
2024-01-06 23:00:03,223 - INFO - No updates found. Will check again later.
2024-01-06 23:01:03,224 - INFO - Checking for updates...
2024-01-06 23:01:08,225 - INFO - No updates found. Will check again later.
2024-01-06 23:02:08,225 - INFO - Checking for updates...
2024-01-06 23:02:13,226 - INFO - No updates found. Will check again later.
2024-01-06 23:02:18,254 - INFO - Starting services...
2024-01-06 23:02:18,254 - INFO - Stopping services and cleaning up with Docker Compose file located at /home/bassee/proyecto_base/deploy/docker-compose.yml...
2024-01-06 23:02:19,562 - INFO - Services stopped and cleaned up successfully.
2024-01-06 23:02:19,562 - INFO - Starting services with Docker Compose file located at /home/bassee/proyecto_base/deploy/docker-compose.yml...
2024-01-06 23:02:20,602 - INFO - Services started successfully.
2024-01-06 23:02:20,602 - INFO - Checking for updates...
2024-01-06 23:02:25,603 - INFO - Update found! Applying update...
2024-01-06 23:02:25,603 - INFO - Downloading and applying update...
2024-01-06 23:02:30,606 - INFO - Update applied. Restarting services...
2024-01-06 23:02:30,627 - INFO - Starting services...
2024-01-06 23:02:30,628 - INFO - Stopping services and cleaning up with Docker Compose file located at /home/bassee/proyecto_base/deploy/docker-compose.yml...
2024-01-06 23:02:31,801 - INFO - Services stopped and cleaned up successfully.
2024-01-06 23:02:31,802 - INFO - Starting services with Docker Compose file located at /home/bassee/proyecto_base/deploy/docker-compose.yml...
2024-01-06 23:02:32,963 - INFO - Services started successfully.
2024-01-06 23:02:32,964 - INFO - Checking for updates...
2024-01-06 23:02:37,964 - INFO - Update found! Applying update...
2024-01-06 23:02:37,964 - INFO - Downloading and applying update...
2024-01-06 23:02:42,965 - INFO - Update applied. Restarting services...
2024-01-06 23:02:42,965 - ERROR - An unexpected error occurred: [Errno 2] No such file or directory
Traceback (most recent call last):
  File "/home/bassee/proyecto_base/deploy/watchdog.py", line 43, in main
    restart_script()
  File "/home/bassee/proyecto_base/deploy/watchdog.py", line 25, in restart_script
    os.execv(sys.executable, ['python'] + sys.argv)
FileNotFoundError: [Errno 2] No such file or directory
2024-01-06 23:06:55,819 - INFO - Starting services...
2024-01-06 23:06:55,819 - INFO - Stopping services and cleaning up with Docker Compose file located at /home/bassee/proyecto_base/deploy/docker-compose.yml...
2024-01-06 23:06:56,693 - INFO - Services stopped and cleaned up successfully.
2024-01-06 23:06:56,693 - INFO - Starting services with Docker Compose file located at /home/bassee/proyecto_base/deploy/docker-compose.yml...
2024-01-06 23:06:57,275 - INFO - Services started successfully.
2024-01-06 23:06:57,276 - INFO - Checking for updates...
2024-01-06 23:07:02,276 - INFO - Update found! Applying update...
2024-01-06 23:07:02,277 - INFO - Downloading and applying update...
2024-01-06 23:07:07,278 - INFO - Update applied. Restarting services...
2024-01-06 23:07:07,303 - INFO - Starting services...
2024-01-06 23:07:07,303 - INFO - Stopping services and cleaning up with Docker Compose file located at /home/bassee/proyecto_base/deploy/docker-compose.yml...
2024-01-06 23:07:08,130 - INFO - Services stopped and cleaned up successfully.
2024-01-06 23:07:08,130 - INFO - Starting services with Docker Compose file located at /home/bassee/proyecto_base/deploy/docker-compose.yml...
2024-01-06 23:07:08,790 - INFO - Services started successfully.
2024-01-06 23:07:08,790 - INFO - Checking for updates...
2024-01-06 23:07:13,790 - INFO - Update found! Applying update...
2024-01-06 23:07:13,790 - INFO - Downloading and applying update...
2024-01-06 23:07:18,791 - INFO - Update applied. Restarting services...
2024-01-06 23:07:18,820 - INFO - Starting services...
2024-01-06 23:07:18,820 - INFO - Stopping services and cleaning up with Docker Compose file located at /home/bassee/proyecto_base/deploy/docker-compose.yml...
2024-01-06 23:07:19,730 - INFO - Services stopped and cleaned up successfully.
2024-01-06 23:07:19,731 - INFO - Starting services with Docker Compose file located at /home/bassee/proyecto_base/deploy/docker-compose.yml...
2024-01-06 23:07:20,358 - INFO - Services started successfully.
2024-01-06 23:07:20,358 - INFO - Checking for updates...
2024-01-06 23:07:25,358 - INFO - Update found! Applying update...
2024-01-06 23:07:25,359 - INFO - Downloading and applying update...
2024-01-06 23:07:30,359 - INFO - Update applied. Restarting services...
2024-01-06 23:07:30,387 - INFO - Starting services...
2024-01-06 23:07:30,387 - INFO - Stopping services and cleaning up with Docker Compose file located at /home/bassee/proyecto_base/deploy/docker-compose.yml...
2024-01-06 23:07:31,239 - INFO - Services stopped and cleaned up successfully.
2024-01-06 23:07:31,239 - INFO - Starting services with Docker Compose file located at /home/bassee/proyecto_base/deploy/docker-compose.yml...
2024-01-06 23:07:31,836 - INFO - Services started successfully.
2024-01-06 23:07:31,836 - INFO - Checking for updates...
2024-01-06 23:07:36,837 - INFO - Update found! Applying update...
2024-01-06 23:07:36,837 - INFO - Downloading and applying update...
2024-01-06 23:07:41,837 - INFO - Update applied. Restarting services...
2024-01-06 23:07:41,856 - INFO - Starting services...
2024-01-06 23:07:41,856 - INFO - Stopping services and cleaning up with Docker Compose file located at /home/bassee/proyecto_base/deploy/docker-compose.yml...
2024-01-06 23:07:42,672 - INFO - Services stopped and cleaned up successfully.
2024-01-06 23:07:42,672 - INFO - Starting services with Docker Compose file located at /home/bassee/proyecto_base/deploy/docker-compose.yml...
2024-01-06 23:07:43,234 - INFO - Services started successfully.
2024-01-06 23:07:43,234 - INFO - Checking for updates...
2024-01-06 23:07:48,234 - INFO - Update found! Applying update...
2024-01-06 23:07:48,234 - INFO - Downloading and applying update...
2024-01-06 23:07:53,235 - INFO - Update applied. Restarting services...
2024-01-06 23:07:53,258 - INFO - Starting services...
2024-01-06 23:07:53,258 - INFO - Stopping services and cleaning up with Docker Compose file located at /home/bassee/proyecto_base/deploy/docker-compose.yml...
2024-01-06 23:07:54,097 - INFO - Services stopped and cleaned up successfully.
2024-01-06 23:07:54,097 - INFO - Starting services with Docker Compose file located at /home/bassee/proyecto_base/deploy/docker-compose.yml...
2024-01-06 23:07:54,739 - INFO - Services started successfully.
2024-01-06 23:07:54,739 - INFO - Checking for updates...
2024-01-06 23:07:59,740 - INFO - Update found! Applying update...
2024-01-06 23:07:59,740 - INFO - Downloading and applying update...
2024-01-06 23:08:04,741 - INFO - Update applied. Restarting services...
2024-01-06 23:08:04,769 - INFO - Starting services...
2024-01-06 23:08:04,770 - INFO - Stopping services and cleaning up with Docker Compose file located at /home/bassee/proyecto_base/deploy/docker-compose.yml...
2024-01-06 23:08:05,718 - INFO - Services stopped and cleaned up successfully.
2024-01-06 23:08:05,718 - INFO - Starting services with Docker Compose file located at /home/bassee/proyecto_base/deploy/docker-compose.yml...
2024-01-06 23:08:06,357 - INFO - Services started successfully.
2024-01-06 23:08:06,357 - INFO - Checking for updates...
2024-01-06 23:08:11,358 - INFO - Update found! Applying update...
2024-01-06 23:08:11,358 - INFO - Downloading and applying update...
2024-01-06 23:08:16,360 - INFO - Update applied. Restarting services...
2024-01-06 23:08:16,386 - INFO - Starting services...
2024-01-06 23:08:16,386 - INFO - Stopping services and cleaning up with Docker Compose file located at /home/bassee/proyecto_base/deploy/docker-compose.yml...
2024-01-06 23:08:17,195 - INFO - Services stopped and cleaned up successfully.
2024-01-06 23:08:17,196 - INFO - Starting services with Docker Compose file located at /home/bassee/proyecto_base/deploy/docker-compose.yml...
2024-01-06 23:08:17,789 - INFO - Services started successfully.
2024-01-06 23:08:17,789 - INFO - Checking for updates...
2024-01-06 23:08:22,789 - INFO - Update found! Applying update...
2024-01-06 23:08:22,790 - INFO - Downloading and applying update...
2024-01-06 23:08:27,790 - INFO - Update applied. Restarting services...
2024-01-06 23:08:27,816 - INFO - Starting services...
2024-01-06 23:08:27,817 - INFO - Stopping services and cleaning up with Docker Compose file located at /home/bassee/proyecto_base/deploy/docker-compose.yml...
2024-01-06 23:08:28,740 - INFO - Services stopped and cleaned up successfully.
2024-01-06 23:08:28,740 - INFO - Starting services with Docker Compose file located at /home/bassee/proyecto_base/deploy/docker-compose.yml...
2024-01-06 23:08:29,311 - INFO - Services started successfully.
2024-01-06 23:08:29,312 - INFO - Checking for updates...
2024-01-06 23:08:34,312 - INFO - Update found! Applying update...
2024-01-06 23:08:34,312 - INFO - Downloading and applying update...
2024-01-06 23:08:39,313 - INFO - Update applied. Restarting services...
2024-01-06 23:08:39,340 - INFO - Starting services...
2024-01-06 23:08:39,341 - INFO - Stopping services and cleaning up with Docker Compose file located at /home/bassee/proyecto_base/deploy/docker-compose.yml...
2024-01-06 23:08:40,164 - INFO - Services stopped and cleaned up successfully.
2024-01-06 23:08:40,164 - INFO - Starting services with Docker Compose file located at /home/bassee/proyecto_base/deploy/docker-compose.yml...
2024-01-06 23:08:40,738 - INFO - Services started successfully.
2024-01-06 23:08:40,739 - INFO - Checking for updates...
2024-01-06 23:08:45,739 - INFO - Update found! Applying update...
2024-01-06 23:08:45,739 - INFO - Downloading and applying update...
2024-01-06 23:08:50,739 - INFO - Update applied. Restarting services...
2024-01-06 23:08:50,767 - INFO - Starting services...
2024-01-06 23:08:50,767 - INFO - Stopping services and cleaning up with Docker Compose file located at /home/bassee/proyecto_base/deploy/docker-compose.yml...
2024-01-06 23:08:51,662 - INFO - Services stopped and cleaned up successfully.
2024-01-06 23:08:51,663 - INFO - Starting services with Docker Compose file located at /home/bassee/proyecto_base/deploy/docker-compose.yml...
2024-01-06 23:08:52,234 - INFO - Services started successfully.
2024-01-06 23:08:52,234 - INFO - Checking for updates...
2024-01-06 23:08:57,235 - INFO - Update found! Applying update...
2024-01-06 23:08:57,235 - INFO - Downloading and applying update...
2024-01-06 23:09:02,235 - INFO - Update applied. Restarting services...
2024-01-06 23:09:02,256 - INFO - Starting services...
2024-01-06 23:09:02,256 - INFO - Stopping services and cleaning up with Docker Compose file located at /home/bassee/proyecto_base/deploy/docker-compose.yml...
2024-01-06 23:09:03,061 - INFO - Services stopped and cleaned up successfully.
2024-01-06 23:09:03,061 - INFO - Starting services with Docker Compose file located at /home/bassee/proyecto_base/deploy/docker-compose.yml...
2024-01-06 23:09:03,558 - INFO - Services started successfully.
2024-01-06 23:09:03,558 - INFO - Checking for updates...
2024-01-06 23:09:08,559 - INFO - Update found! Applying update...
2024-01-06 23:09:08,559 - INFO - Downloading and applying update...
2024-01-06 23:09:13,560 - INFO - Update applied. Restarting services...
2024-01-06 23:09:13,587 - INFO - Starting services...
2024-01-06 23:09:13,587 - INFO - Stopping services and cleaning up with Docker Compose file located at /home/bassee/proyecto_base/deploy/docker-compose.yml...
2024-01-06 23:09:14,345 - INFO - Services stopped and cleaned up successfully.
2024-01-06 23:09:14,345 - INFO - Starting services with Docker Compose file located at /home/bassee/proyecto_base/deploy/docker-compose.yml...
2024-01-06 23:09:14,901 - INFO - Services started successfully.
2024-01-06 23:09:14,901 - INFO - Checking for updates...
2024-01-06 23:09:19,901 - INFO - Update found! Applying update...
2024-01-06 23:09:19,902 - INFO - Downloading and applying update...
2024-01-06 23:09:24,903 - INFO - Update applied. Restarting services...
2024-01-06 23:09:24,930 - INFO - Starting services...
2024-01-06 23:09:24,930 - INFO - Stopping services and cleaning up with Docker Compose file located at /home/bassee/proyecto_base/deploy/docker-compose.yml...
2024-01-06 23:09:25,824 - INFO - Services stopped and cleaned up successfully.
2024-01-06 23:09:25,824 - INFO - Starting services with Docker Compose file located at /home/bassee/proyecto_base/deploy/docker-compose.yml...
2024-01-06 23:09:26,412 - INFO - Services started successfully.
2024-01-06 23:09:26,412 - INFO - Checking for updates...
2024-01-06 23:09:31,413 - INFO - Update found! Applying update...
2024-01-06 23:09:31,413 - INFO - Downloading and applying update...
2024-01-06 23:09:36,415 - INFO - Update applied. Restarting services...
2024-01-06 23:09:36,440 - INFO - Starting services...
2024-01-06 23:09:36,441 - INFO - Stopping services and cleaning up with Docker Compose file located at /home/bassee/proyecto_base/deploy/docker-compose.yml...
2024-01-06 23:09:37,352 - INFO - Services stopped and cleaned up successfully.
2024-01-06 23:09:37,352 - INFO - Starting services with Docker Compose file located at /home/bassee/proyecto_base/deploy/docker-compose.yml...
2024-01-06 23:09:37,853 - INFO - Services started successfully.
2024-01-06 23:09:37,853 - INFO - Checking for updates...
2024-01-06 23:09:42,853 - INFO - Update found! Applying update...
2024-01-06 23:09:42,854 - INFO - Downloading and applying update...
2024-01-06 23:09:47,854 - INFO - Update applied. Restarting services...
2024-01-06 23:09:47,874 - INFO - Starting services...
2024-01-06 23:09:47,874 - INFO - Stopping services and cleaning up with Docker Compose file located at /home/bassee/proyecto_base/deploy/docker-compose.yml...
2024-01-06 23:09:48,796 - INFO - Services stopped and cleaned up successfully.
2024-01-06 23:09:48,797 - INFO - Starting services with Docker Compose file located at /home/bassee/proyecto_base/deploy/docker-compose.yml...
2024-01-06 23:09:49,368 - INFO - Services started successfully.
2024-01-06 23:09:49,368 - INFO - Checking for updates...
2024-01-06 23:09:54,368 - INFO - Update found! Applying update...
2024-01-06 23:09:54,369 - INFO - Downloading and applying update...
2024-01-06 23:09:55,562 - INFO - Starting services...
2024-01-06 23:09:55,562 - INFO - Stopping services and cleaning up with Docker Compose file located at /home/bassee/proyecto_base/deploy/docker-compose.yml...
2024-01-06 23:09:56,448 - INFO - Services stopped and cleaned up successfully.
2024-01-06 23:09:56,449 - INFO - Starting services with Docker Compose file located at /home/bassee/proyecto_base/deploy/docker-compose.yml...
2024-01-06 23:09:56,989 - INFO - Services started successfully.
2024-01-06 23:09:56,989 - INFO - Checking for updates...
2024-01-06 23:10:01,989 - INFO - No updates found. Will check again later.
2024-01-06 23:11:01,990 - INFO - Checking for updates...
2024-01-06 23:11:06,991 - INFO - No updates found. Will check again later.
2024-01-06 23:11:55,826 - INFO - Starting services...
2024-01-06 23:11:55,826 - INFO - Stopping services and cleaning up with Docker Compose file located at /home/bassee/proyecto_base/deploy/docker-compose.yml...
2024-01-06 23:11:56,963 - INFO - Services stopped and cleaned up successfully.
2024-01-06 23:11:56,964 - INFO - Starting services with Docker Compose file located at /home/bassee/proyecto_base/deploy/docker-compose.yml...
2024-01-06 23:35:02,394 - INFO - Starting services...
2024-01-06 23:35:02,395 - INFO - Stopping services and cleaning up with Docker Compose file located at /home/bassee/proyecto_base/deploy/docker-compose.yml...
2024-01-06 23:35:02,941 - INFO - Services stopped and cleaned up successfully.
2024-01-06 23:35:02,942 - INFO - Starting services with Docker Compose file located at /home/bassee/proyecto_base/deploy/docker-compose.yml...
2024-01-06 23:35:03,706 - INFO - Services started successfully.
2024-01-06 23:35:03,706 - INFO - Services started.
2024-01-06 23:35:03,706 - INFO - The services will be checked for updates every minute.
2024-01-06 23:43:31,197 - INFO - Starting services...
2024-01-06 23:43:31,197 - INFO - Stopping services and cleaning up with Docker Compose file located at /home/bassee/proyecto_base/deploy/docker-compose.yml...
2024-01-06 23:43:31,999 - INFO - Services stopped and cleaned up successfully.
2024-01-06 23:43:31,999 - INFO - Starting services with Docker Compose file located at /home/bassee/proyecto_base/deploy/docker-compose.yml...
2024-01-06 23:43:32,610 - INFO - Services started successfully.
2024-01-06 23:43:32,610 - INFO - Services started.
2024-01-06 23:43:32,610 - INFO - The services will be checked for updates every minute.
2024-01-07 00:58:37,566 - INFO - Starting services...
2024-01-07 00:58:37,566 - INFO - Stopping services and cleaning up with Docker Compose file located at /home/bassee/proyecto_base/deploy/docker-compose.yml...
2024-01-07 00:58:38,514 - INFO - Services stopped and cleaned up successfully.
2024-01-07 00:58:38,514 - INFO - Starting services with Docker Compose file located at /home/bassee/proyecto_base/deploy/docker-compose.yml...
2024-01-07 00:58:39,198 - INFO - Services started successfully.
2024-01-07 00:58:39,198 - INFO - Services started.
2024-01-07 00:58:39,198 - INFO - The services will be checked for updates every minute.
2024-01-07 12:52:44,102 - INFO - Starting services...
2024-01-07 12:52:44,103 - INFO - Stopping services and cleaning up with Docker Compose file located at /home/bassee/proyecto_base/deploy/docker-compose.yml...
2024-01-07 12:52:45,436 - INFO - Services stopped and cleaned up successfully.
2024-01-07 12:52:45,436 - INFO - Starting services with Docker Compose file located at /home/bassee/proyecto_base/deploy/docker-compose.yml...
2024-01-07 12:52:46,377 - INFO - Services started successfully.
2024-01-07 12:52:46,377 - INFO - Services started.
2024-01-07 12:52:46,377 - INFO - The services will be checked for updates every minute.
