2024-02-18 21:06:38,822 [INFO] - Started server process [79621]
2024-02-18 21:06:38,822 [INFO] - Waiting for application startup.
2024-02-18 21:06:38,823 [INFO] - Application startup complete.
2024-02-18 22:12:38,710 [INFO] - Shutting down
2024-02-18 22:12:38,811 [INFO] - Waiting for application shutdown.
2024-02-18 22:12:38,812 [INFO] - Application shutdown complete.
2024-02-18 22:12:38,812 [INFO] - Finished server process [79621]
2024-02-18 22:12:39,446 [INFO] - Started server process [82292]
2024-02-18 22:12:39,446 [INFO] - Waiting for application startup.
2024-02-18 22:12:39,446 [INFO] - Application startup complete.
2024-02-18 22:13:14,726 [INFO] - Shutting down
2024-02-18 22:13:14,827 [INFO] - Waiting for application shutdown.
2024-02-18 22:13:14,828 [INFO] - Application shutdown complete.
2024-02-18 22:13:14,828 [INFO] - Finished server process [82292]
2024-02-18 22:13:15,450 [INFO] - Started server process [82379]
2024-02-18 22:13:15,450 [INFO] - Waiting for application startup.
2024-02-18 22:13:15,450 [INFO] - Application startup complete.
2024-02-18 23:03:12,674 [INFO] - Shutting down
2024-02-18 23:03:12,777 [INFO] - Waiting for application shutdown.
2024-02-18 23:03:12,777 [INFO] - Application shutdown complete.
2024-02-18 23:03:12,777 [INFO] - Finished server process [82379]
2024-02-18 23:03:13,723 [INFO] - Started server process [85332]
2024-02-18 23:03:13,723 [INFO] - Waiting for application startup.
2024-02-18 23:03:13,723 [INFO] - Application startup complete.
2024-02-18 23:04:51,726 [INFO] - Shutting down
2024-02-18 23:04:51,827 [INFO] - Waiting for application shutdown.
2024-02-18 23:04:51,827 [INFO] - Application shutdown complete.
2024-02-18 23:04:51,827 [INFO] - Finished server process [85332]
2024-02-18 23:04:52,511 [INFO] - Started server process [85426]
2024-02-18 23:04:52,511 [INFO] - Waiting for application startup.
2024-02-18 23:04:52,511 [INFO] - Application startup complete.
2024-02-18 23:05:42,051 [INFO] - Shutting down
2024-02-18 23:05:42,152 [INFO] - Waiting for application shutdown.
2024-02-18 23:05:42,153 [INFO] - Application shutdown complete.
2024-02-18 23:05:42,154 [INFO] - Finished server process [85426]
2024-02-18 23:05:42,836 [INFO] - Started server process [85516]
2024-02-18 23:05:42,836 [INFO] - Waiting for application startup.
2024-02-18 23:05:42,836 [INFO] - Application startup complete.
2024-02-18 23:06:09,266 [INFO] - Shutting down
2024-02-18 23:06:09,367 [INFO] - Waiting for application shutdown.
2024-02-18 23:06:09,368 [INFO] - Application shutdown complete.
2024-02-18 23:06:09,368 [INFO] - Finished server process [85516]
2024-02-18 23:06:10,083 [INFO] - Started server process [85588]
2024-02-18 23:06:10,083 [INFO] - Waiting for application startup.
2024-02-18 23:06:10,084 [INFO] - Application startup complete.
2024-02-18 23:19:01,407 [INFO] - Shutting down
2024-02-18 23:19:01,507 [INFO] - Waiting for application shutdown.
2024-02-18 23:19:01,508 [INFO] - Application shutdown complete.
2024-02-18 23:19:01,508 [INFO] - Finished server process [85588]
2024-02-18 23:19:02,166 [INFO] - Started server process [86415]
2024-02-18 23:19:02,166 [INFO] - Waiting for application startup.
2024-02-18 23:19:02,167 [INFO] - Application startup complete.
2024-02-18 23:19:08,196 [INFO] - Shutting down
2024-02-18 23:19:08,297 [INFO] - Waiting for application shutdown.
2024-02-18 23:19:08,297 [INFO] - Application shutdown complete.
2024-02-18 23:19:08,297 [INFO] - Finished server process [86415]
2024-02-18 23:19:08,952 [INFO] - Started server process [86477]
2024-02-18 23:19:08,952 [INFO] - Waiting for application startup.
2024-02-18 23:19:08,953 [INFO] - Application startup complete.
2024-02-18 23:28:37,271 [INFO] - Shutting down
2024-02-18 23:28:37,372 [INFO] - Waiting for application shutdown.
2024-02-18 23:28:37,372 [INFO] - Application shutdown complete.
2024-02-18 23:28:37,373 [INFO] - Finished server process [86477]
2024-02-18 23:28:44,154 [INFO] - Started server process [87458]
2024-02-18 23:28:44,154 [INFO] - Waiting for application startup.
2024-02-18 23:28:44,155 [INFO] - Application startup complete.
2024-02-19 00:17:57,786 [INFO] - Shutting down
2024-02-19 00:17:57,886 [INFO] - Waiting for application shutdown.
2024-02-19 00:17:57,887 [INFO] - Application shutdown complete.
2024-02-19 00:17:57,887 [INFO] - Finished server process [87458]
